<?xml version="1.0" encoding="UTF-8"?>
<!-- Generated by org.testng.reporters.JUnitXMLReporter -->
<testsuite hostname="PF0Q7VST-BLR" ignored="3" name="Test" tests="2" failures="0" timestamp="08 Jun 2018 04:10:55 GMT" time="203.245" errors="0">
  <testcase name="testfishandseafood" time="76.271" classname="in.licious.test.FishandSeafoodCOD"/>
  <testcase name="testredmeatscod" time="68.696" classname="in.licious.test.RedMeatsCOD"/>
  <testcase name="@AfterSuite closeFramework" time="0.0" classname="in.licious.test.BaseTest">
    <ignored/>
  </testcase> <!-- @AfterSuite closeFramework -->
  <testcase name="@BeforeSuite initFramework" time="0.0" classname="in.licious.test.BaseTest">
    <ignored/>
  </testcase> <!-- @BeforeSuite initFramework -->
  <testcase name="@BeforeTest initGlobalConstants" time="0.0" classname="in.licious.test.BaseTest">
    <ignored/>
  </testcase> <!-- @BeforeTest initGlobalConstants -->
</testsuite> <!-- Test -->
