<?xml version="1.0" encoding="UTF-8"?>
<testng-results skipped="0" failed="0" ignored="0" total="1" passed="1">
  <reporter-output>
  </reporter-output>
  <suite name="Default suite" duration-ms="111272" started-at="2018-06-05T13:06:16Z" finished-at="2018-06-05T13:08:07Z">
    <groups>
    </groups>
    <test name="Default test" duration-ms="111272" started-at="2018-06-05T13:06:16Z" finished-at="2018-06-05T13:08:07Z">
      <class name="in.licious.test.WeekendTreatsCOD">
        <test-method status="PASS" signature="initFramework()[pri:0, instance:in.licious.test.WeekendTreatsCOD@20398b7c]" name="initFramework" is-config="true" duration-ms="562" started-at="2018-06-05T18:36:15Z" finished-at="2018-06-05T18:36:16Z">
          <reporter-output>
          </reporter-output>
        </test-method> <!-- initFramework -->
        <test-method status="PASS" signature="initGlobalConstants()[pri:0, instance:in.licious.test.WeekendTreatsCOD@20398b7c]" name="initGlobalConstants" is-config="true" duration-ms="3" started-at="2018-06-05T18:36:16Z" finished-at="2018-06-05T18:36:16Z">
          <reporter-output>
          </reporter-output>
        </test-method> <!-- initGlobalConstants -->
        <test-method status="PASS" signature="setUp(java.lang.reflect.Method)[pri:0, instance:in.licious.test.WeekendTreatsCOD@20398b7c]" name="setUp" is-config="true" duration-ms="38798" started-at="2018-06-05T18:36:16Z" finished-at="2018-06-05T18:36:55Z">
          <params>
            <param index="0">
              <value>
                <![CDATA[public void in.licious.test.WeekendTreatsCOD.testcoldcuts() throws java.lang.ClassNotFoundException,java.sql.SQLException]]>
              </value>
            </param>
          </params>
          <reporter-output>
          </reporter-output>
        </test-method> <!-- setUp -->
        <test-method status="PASS" signature="testcoldcuts()[pri:4, instance:in.licious.test.WeekendTreatsCOD@20398b7c]" name="testcoldcuts" duration-ms="66951" started-at="2018-06-05T18:36:55Z" finished-at="2018-06-05T18:38:02Z">
          <reporter-output>
          </reporter-output>
        </test-method> <!-- testcoldcuts -->
        <test-method status="PASS" signature="tearDown(org.testng.ITestResult)[pri:0, instance:in.licious.test.WeekendTreatsCOD@20398b7c]" name="tearDown" is-config="true" duration-ms="5454" started-at="2018-06-05T18:38:02Z" finished-at="2018-06-05T18:38:07Z">
          <params>
            <param index="0">
              <value>
                <![CDATA[[TestResult name=testcoldcuts status=SUCCESS method=WeekendTreatsCOD.testcoldcuts()[pri:4, instance:in.licious.test.WeekendTreatsCOD@20398b7c] output={null}]]]>
              </value>
            </param>
          </params>
          <reporter-output>
          </reporter-output>
        </test-method> <!-- tearDown -->
        <test-method status="PASS" signature="closeFramework()[pri:0, instance:in.licious.test.WeekendTreatsCOD@20398b7c]" name="closeFramework" is-config="true" duration-ms="1516" started-at="2018-06-05T18:38:08Z" finished-at="2018-06-05T18:38:09Z">
          <reporter-output>
          </reporter-output>
        </test-method> <!-- closeFramework -->
      </class> <!-- in.licious.test.WeekendTreatsCOD -->
    </test> <!-- Default test -->
  </suite> <!-- Default suite -->
</testng-results>
