<?xml version="1.0" encoding="UTF-8"?>
<testng-results skipped="0" failed="0" ignored="0" total="1" passed="1">
  <reporter-output>
  </reporter-output>
  <suite name="Default suite" duration-ms="90513" started-at="2018-03-27T07:16:15Z" finished-at="2018-03-27T07:17:46Z">
    <groups>
    </groups>
    <test name="Default test" duration-ms="90513" started-at="2018-03-27T07:16:15Z" finished-at="2018-03-27T07:17:46Z">
      <class name="in.licious.test.RedMeatsCOD">
        <test-method status="PASS" signature="initFramework()[pri:0, instance:in.licious.test.RedMeatsCOD@20398b7c]" name="initFramework" is-config="true" duration-ms="119" started-at="2018-03-27T12:46:15Z" finished-at="2018-03-27T12:46:15Z">
          <reporter-output>
          </reporter-output>
        </test-method> <!-- initFramework -->
        <test-method status="PASS" signature="initGlobalConstants()[pri:0, instance:in.licious.test.RedMeatsCOD@20398b7c]" name="initGlobalConstants" is-config="true" duration-ms="1" started-at="2018-03-27T12:46:15Z" finished-at="2018-03-27T12:46:15Z">
          <reporter-output>
          </reporter-output>
        </test-method> <!-- initGlobalConstants -->
        <test-method status="PASS" signature="setUp(java.lang.reflect.Method)[pri:0, instance:in.licious.test.RedMeatsCOD@20398b7c]" name="setUp" is-config="true" duration-ms="23778" started-at="2018-03-27T12:46:15Z" finished-at="2018-03-27T12:46:39Z">
          <params>
            <param index="0">
              <value>
                <![CDATA[public void in.licious.test.RedMeatsCOD.testredmeatscod()]]>
              </value>
            </param>
          </params>
          <reporter-output>
          </reporter-output>
        </test-method> <!-- setUp -->
        <test-method status="PASS" signature="testredmeatscod()[pri:3, instance:in.licious.test.RedMeatsCOD@20398b7c]" name="testredmeatscod" duration-ms="64619" started-at="2018-03-27T12:46:39Z" finished-at="2018-03-27T12:47:43Z">
          <reporter-output>
          </reporter-output>
        </test-method> <!-- testredmeatscod -->
        <test-method status="PASS" signature="tearDown(org.testng.ITestResult)[pri:0, instance:in.licious.test.RedMeatsCOD@20398b7c]" name="tearDown" is-config="true" duration-ms="2099" started-at="2018-03-27T12:47:43Z" finished-at="2018-03-27T12:47:46Z">
          <params>
            <param index="0">
              <value>
                <![CDATA[[TestResult name=testredmeatscod status=SUCCESS method=RedMeatsCOD.testredmeatscod()[pri:3, instance:in.licious.test.RedMeatsCOD@20398b7c] output={null}]]]>
              </value>
            </param>
          </params>
          <reporter-output>
          </reporter-output>
        </test-method> <!-- tearDown -->
        <test-method status="PASS" signature="closeFramework()[pri:0, instance:in.licious.test.RedMeatsCOD@20398b7c]" name="closeFramework" is-config="true" duration-ms="792" started-at="2018-03-27T12:47:46Z" finished-at="2018-03-27T12:47:46Z">
          <reporter-output>
          </reporter-output>
        </test-method> <!-- closeFramework -->
      </class> <!-- in.licious.test.RedMeatsCOD -->
    </test> <!-- Default test -->
  </suite> <!-- Default suite -->
</testng-results>
